INFO:sim:172 - Generating IP...
Applying current project options...
Finished applying current project options.
Resolving generics for 'game_over'...
WARNING:sim - A core named 'game_over' already exists in the project. Output
   products for this core may be overwritten.
Applying external generics to 'game_over'...
Delivering associated files for 'game_over'...
Delivering EJava files for 'game_over'...
Generating implementation netlist for 'game_over'...
INFO:sim - Pre-processing HDL files for 'game_over'...
Running synthesis for 'game_over'
Running ngcbuild...
Writing VEO instantiation template for 'game_over'...
Writing Verilog behavioral simulation model for 'game_over'...
WARNING:sim - Overwriting existing file
   C:/Users/Atrix/Desktop/Final/Final/ipcore_dir/tmp/_cg/game_over/doc/blk_mem_g
   en_v7_3_vinfo.html with file from view xilinx_documentation
Delivered 1 file into directory
C:/Users/Atrix/Desktop/Final/Final/ipcore_dir/tmp/_cg/game_over
Generating ASY schematic symbol...
INFO:sim:949 - Finished generation of ASY schematic symbol.
Generating SYM schematic symbol for 'game_over'...
Generating metadata file...
Regenerating ISE project file for 'game_over'...
Generating ISE project...
XCO file found: game_over.xco
XMDF file found: game_over_xmdf.tcl
Adding C:/Users/Atrix/Desktop/Final/Final/ipcore_dir/tmp/_cg/game_over.asy -view
all -origin_type imported
Adding C:/Users/Atrix/Desktop/Final/Final/ipcore_dir/tmp/_cg/game_over.ngc -view
all -origin_type created
Checking file
"C:/Users/Atrix/Desktop/Final/Final/ipcore_dir/tmp/_cg/game_over.ngc" for
project device match ...
File "C:/Users/Atrix/Desktop/Final/Final/ipcore_dir/tmp/_cg/game_over.ngc"
device information matches project device.
Adding C:/Users/Atrix/Desktop/Final/Final/ipcore_dir/tmp/_cg/game_over.sym -view
all -origin_type imported
Adding C:/Users/Atrix/Desktop/Final/Final/ipcore_dir/tmp/_cg/game_over.v -view
all -origin_type created
INFO:HDLCompiler:1845 - Analyzing Verilog file
   "C:/Users/Atrix/Desktop/Final/Final/ipcore_dir/tmp/_cg/game_over.v" into
   library work
INFO:ProjectMgmt - Parsing design hierarchy completed successfully.
Adding C:/Users/Atrix/Desktop/Final/Final/ipcore_dir/tmp/_cg/game_over.veo -view
all -origin_type imported
INFO:TclTasksC:2116 - The automatic calculation of top has been turned-off.
   Please set the new top explicitly by running the "project set top" command.
   To re-calculate the new top automatically, set the "Auto Implementation Top"
   property to true.
Top level has been set to "/game_over"
Generating README file...
Generating FLIST file...
INFO:sim:948 - Finished FLIST file generation.
Moving files to output directory...
Finished moving files to output directory
Wrote CGP file for project 'game_over'.
